[   41717ms] [ERROR] Failed to load resource: the server responded with a status of 429 () @ https://dblp.org/db/journals/tecs/index.xml:0
[   41888ms] [ERROR] Failed to load resource: the server responded with a status of 429 () @ https://dblp.org/db/journals/jpdc/index.xml:0
[  999824ms] [ERROR] Failed to load resource: the server responded with a status of 429 () @ https://dblp.org/streams/journals/tecs.xml:0
[  999997ms] [ERROR] Failed to load resource: the server responded with a status of 429 () @ https://dblp.org/streams/journals/tecs.xml:0
[ 1000170ms] [ERROR] Failed to load resource: the server responded with a status of 429 () @ https://dblp.org/streams/journals/tecs.xml:0
[ 1000342ms] [ERROR] Failed to load resource: the server responded with a status of 429 () @ https://dblp.org/streams/journals/tecs.xml:0
[ 1000515ms] [ERROR] Failed to load resource: the server responded with a status of 429 () @ https://dblp.org/streams/journals/tecs.xml:0
[ 1000695ms] [ERROR] Failed to load resource: the server responded with a status of 429 () @ https://dblp.org/streams/journals/tecs.xml:0
[ 1000871ms] [ERROR] Failed to load resource: the server responded with a status of 429 () @ https://dblp.org/streams/journals/tecs.xml:0
[ 1001046ms] [ERROR] Failed to load resource: the server responded with a status of 429 () @ https://dblp.org/streams/journals/tecs.xml:0
[ 1001224ms] [ERROR] Failed to load resource: the server responded with a status of 429 () @ https://dblp.org/streams/journals/tecs.xml:0
[ 1001404ms] [ERROR] Failed to load resource: the server responded with a status of 429 () @ https://dblp.org/streams/journals/tecs.xml:0
[ 1001577ms] [ERROR] Failed to load resource: the server responded with a status of 429 () @ https://dblp.org/streams/journals/tecs.xml:0
[ 1001748ms] [ERROR] Failed to load resource: the server responded with a status of 429 () @ https://dblp.org/streams/journals/tecs.xml:0
[ 1057480ms] [ERROR] Failed to load resource: the server responded with a status of 429 () @ https://dblp.org/streams/journals/jpdc.xml:0
[ 1057650ms] [ERROR] Failed to load resource: the server responded with a status of 429 () @ https://dblp.org/streams/journals/iotj.xml:0
[ 1057821ms] [ERROR] Failed to load resource: the server responded with a status of 429 () @ https://dblp.org/streams/journals/wpc.xml:0
[ 1057992ms] [ERROR] Failed to load resource: the server responded with a status of 429 () @ https://dblp.org/streams/journals/tecs.xml:0
[ 1058163ms] [ERROR] Failed to load resource: the server responded with a status of 429 () @ https://dblp.org/streams/journals/tosn.xml:0
[ 1058333ms] [ERROR] Failed to load resource: the server responded with a status of 429 () @ https://dblp.org/streams/journals/ijdsn.xml:0
